<?xml version="1.0" encoding="UTF-8"?>
<!-- Generated by org.testng.reporters.JUnitReportReporter -->
<testsuite hostname="XAV-502000046" failures="0" tests="1" name="JavaClasses.Telus_Outllok" time="92.860" errors="0" timestamp="2021-07-09T14:40:57 IST" skipped="0">
  <testcase classname="JavaClasses.Telus_Outllok" name="login" time="92.860"/>
  <system-out/>
</testsuite> <!-- JavaClasses.Telus_Outllok -->
