<?xml version="1.0" encoding="UTF-8"?>
<!-- Generated by org.testng.reporters.JUnitReportReporter -->
<testsuite hostname="XAV-502000046" failures="0" tests="2" name="TestNG.FullPageScreenShot" time="12.848" errors="0" timestamp="2021-07-02T19:22:09 IST" skipped="1">
  <testcase classname="TestNG.FullPageScreenShot" name="hdfc" time="12.848"/>
  <system-out/>
  <testcase classname="TestNG.FullPageScreenShot" name="fullScreenShot">
    <skipped/>
  </testcase> <!-- fullScreenShot -->
  <system-out/>
</testsuite> <!-- TestNG.FullPageScreenShot -->
